2025-05-21 23:04:08,228 - __main__ - INFO - Analyzing backhand form for mcbeth from pro_videos/mcbeth/backhand/mcbeth_backhand_slow_1.mp4
2025-05-21 23:04:08,229 - pose_extractor - INFO - Extracting poses from pro_videos/mcbeth/backhand/mcbeth_backhand_slow_1.mp4
2025-05-21 23:04:08,269 - pose_extractor - ERROR - Cannot open video file: pro_videos/mcbeth/backhand/mcbeth_backhand_slow_1.mp4
2025-05-21 23:04:08,269 - __main__ - ERROR - Failed to extract poses from pro_videos/mcbeth/backhand/mcbeth_backhand_slow_1.mp4
2025-05-21 23:05:31,218 - __main__ - INFO - Analyzing backhand form for mcbeth from pro_videos/mcbeth/backhand/mcbeth_backhand_slow_1.mp4.webm
2025-05-21 23:05:31,218 - pose_extractor - INFO - Extracting poses from pro_videos/mcbeth/backhand/mcbeth_backhand_slow_1.mp4.webm
2025-05-21 23:05:31,257 - pose_extractor - INFO - Video properties: 379 frames at 30.0 FPS
2025-05-21 23:05:33,080 - pose_extractor - INFO - Processed 30/379 frames
2025-05-21 23:05:34,638 - pose_extractor - INFO - Processed 60/379 frames
2025-05-21 23:05:36,200 - pose_extractor - INFO - Processed 90/379 frames
2025-05-21 23:05:37,761 - pose_extractor - INFO - Processed 120/379 frames
2025-05-21 23:05:39,321 - pose_extractor - INFO - Processed 150/379 frames
2025-05-21 23:05:40,891 - pose_extractor - INFO - Processed 180/379 frames
2025-05-21 23:05:42,451 - pose_extractor - INFO - Processed 210/379 frames
2025-05-21 23:05:44,009 - pose_extractor - INFO - Processed 240/379 frames
2025-05-21 23:05:45,565 - pose_extractor - INFO - Processed 270/379 frames
2025-05-21 23:05:47,127 - pose_extractor - INFO - Processed 300/379 frames
2025-05-21 23:05:48,688 - pose_extractor - INFO - Processed 330/379 frames
2025-05-21 23:05:50,245 - pose_extractor - INFO - Processed 360/379 frames
2025-05-21 23:05:51,179 - pose_extractor - INFO - Extracted poses from 189 frames
2025-05-21 23:05:51,182 - form_metrics - INFO - Calculating metrics from 189 poses
2025-05-21 23:05:51,192 - __main__ - INFO - Extracted 7 form metrics
2025-05-21 23:05:51,192 - __main__ - INFO - Analyzing disc speed...
2025-05-21 23:05:51,382 - speed_analyzer - INFO - Auto-calibrated: 88.280151003883 pixels per meter
2025-05-21 23:05:51,421 - speed_analyzer - INFO - Processed 30 frames, found 1 disc positions
2025-05-21 23:05:51,606 - speed_analyzer - INFO - Processed 60 frames, found 3 disc positions
2025-05-21 23:05:51,791 - speed_analyzer - INFO - Processed 90 frames, found 6 disc positions
2025-05-21 23:05:51,992 - speed_analyzer - INFO - Processed 120 frames, found 8 disc positions
2025-05-21 23:05:52,172 - speed_analyzer - INFO - Processed 150 frames, found 15 disc positions
2025-05-21 23:05:52,362 - speed_analyzer - INFO - Processed 180 frames, found 18 disc positions
2025-05-21 23:05:52,540 - speed_analyzer - INFO - Processed 210 frames, found 27 disc positions
2025-05-21 23:05:52,718 - speed_analyzer - INFO - Processed 240 frames, found 35 disc positions
2025-05-21 23:05:52,895 - speed_analyzer - INFO - Processed 270 frames, found 47 disc positions
2025-05-21 23:05:53,060 - speed_analyzer - INFO - Processed 300 frames, found 61 disc positions
2025-05-21 23:05:53,235 - speed_analyzer - INFO - Processed 330 frames, found 77 disc positions
2025-05-21 23:05:53,398 - speed_analyzer - INFO - Processed 360 frames, found 86 disc positions
2025-05-21 23:05:53,497 - __main__ - INFO - Disc speed: 11.9 mph
2025-05-21 23:05:53,497 - model_generator - INFO - Creating model for mcbeth's backhand throw
2025-05-21 23:06:47,666 - __main__ - INFO - Analyzing backhand form for mcbeth from pro_videos/mcbeth/backhand/mcbeth_backhand_slow_1.mp4.webm
2025-05-21 23:06:47,666 - pose_extractor - INFO - Extracting poses from pro_videos/mcbeth/backhand/mcbeth_backhand_slow_1.mp4.webm
2025-05-21 23:06:47,687 - pose_extractor - INFO - Video properties: 379 frames at 30.0 FPS
2025-05-21 23:06:49,486 - pose_extractor - INFO - Processed 30/379 frames
2025-05-21 23:06:51,068 - pose_extractor - INFO - Processed 60/379 frames
2025-05-21 23:06:52,638 - pose_extractor - INFO - Processed 90/379 frames
2025-05-21 23:06:54,222 - pose_extractor - INFO - Processed 120/379 frames
2025-05-21 23:06:55,779 - pose_extractor - INFO - Processed 150/379 frames
2025-05-21 23:06:57,341 - pose_extractor - INFO - Processed 180/379 frames
2025-05-21 23:06:58,900 - pose_extractor - INFO - Processed 210/379 frames
2025-05-21 23:10:47,017 - __main__ - INFO - Analyzing backhand form for mcbeth from pro_videos/mcbeth/backhand/mcbeth_backhand_slow_1.mp4.webm
2025-05-21 23:10:47,017 - pose_extractor - INFO - Extracting poses from pro_videos/mcbeth/backhand/mcbeth_backhand_slow_1.mp4.webm
2025-05-21 23:10:47,038 - pose_extractor - INFO - Video properties: 379 frames at 30.0 FPS
2025-05-21 23:10:48,845 - pose_extractor - INFO - Processed 30/379 frames
2025-05-21 23:10:50,401 - pose_extractor - INFO - Processed 60/379 frames
2025-05-21 23:10:51,958 - pose_extractor - INFO - Processed 90/379 frames
2025-05-21 23:10:53,517 - pose_extractor - INFO - Processed 120/379 frames
2025-05-21 23:10:55,072 - pose_extractor - INFO - Processed 150/379 frames
2025-05-21 23:10:56,631 - pose_extractor - INFO - Processed 180/379 frames
2025-05-21 23:10:58,190 - pose_extractor - INFO - Processed 210/379 frames
2025-05-21 23:10:59,745 - pose_extractor - INFO - Processed 240/379 frames
2025-05-21 23:11:01,300 - pose_extractor - INFO - Processed 270/379 frames
2025-05-21 23:11:02,862 - pose_extractor - INFO - Processed 300/379 frames
2025-05-21 23:11:04,419 - pose_extractor - INFO - Processed 330/379 frames
2025-05-21 23:11:05,974 - pose_extractor - INFO - Processed 360/379 frames
2025-05-21 23:11:06,907 - pose_extractor - INFO - Extracted poses from 189 frames
2025-05-21 23:11:06,911 - form_metrics - INFO - Calculating metrics from 189 poses
2025-05-21 23:11:06,920 - __main__ - INFO - Extracted 7 form metrics
2025-05-21 23:11:06,920 - __main__ - INFO - Analyzing disc speed...
2025-05-21 23:11:07,104 - speed_analyzer - INFO - Auto-calibrated: 88.280151003883 pixels per meter
2025-05-21 23:11:07,145 - speed_analyzer - INFO - Processed 30 frames, found 1 disc positions
2025-05-21 23:11:07,337 - speed_analyzer - INFO - Processed 60 frames, found 3 disc positions
2025-05-21 23:11:07,524 - speed_analyzer - INFO - Processed 90 frames, found 6 disc positions
2025-05-21 23:11:07,712 - speed_analyzer - INFO - Processed 120 frames, found 8 disc positions
2025-05-21 23:11:07,893 - speed_analyzer - INFO - Processed 150 frames, found 15 disc positions
2025-05-21 23:11:08,084 - speed_analyzer - INFO - Processed 180 frames, found 18 disc positions
2025-05-21 23:11:08,264 - speed_analyzer - INFO - Processed 210 frames, found 27 disc positions
2025-05-21 23:11:08,445 - speed_analyzer - INFO - Processed 240 frames, found 35 disc positions
2025-05-21 23:11:08,619 - speed_analyzer - INFO - Processed 270 frames, found 47 disc positions
2025-05-21 23:11:08,785 - speed_analyzer - INFO - Processed 300 frames, found 61 disc positions
2025-05-21 23:11:08,959 - speed_analyzer - INFO - Processed 330 frames, found 77 disc positions
2025-05-21 23:11:09,121 - speed_analyzer - INFO - Processed 360 frames, found 86 disc positions
2025-05-21 23:11:09,219 - __main__ - INFO - Disc speed: 11.9 mph
2025-05-21 23:11:09,219 - model_generator - INFO - Creating model for mcbeth's backhand throw
2025-05-21 23:11:09,226 - model_generator - INFO - Saved model to ../data/pro_models/mcbeth/backhand_model.json
2025-05-21 23:11:09,226 - __main__ - INFO - Created model at ../data/pro_models/mcbeth/backhand_model.json
